<?xml version="1.0" encoding="UTF-8"?>
<!-- Generated by org.testng.reporters.JUnitReportReporter -->
<testsuite hostname="DESKTOP-73VR9RS" failures="0" tests="1" name="TestNGproject.parameterizationTestNG.ParametrizationExample" time="20.582" errors="0" timestamp="2024-04-03T11:52:53 IST" skipped="0">
  <testcase classname="TestNGproject.parameterizationTestNG.ParametrizationExample" name="Test_1" time="20.582"/>
</testsuite> <!-- TestNGproject.parameterizationTestNG.ParametrizationExample -->
