<?xml version="1.0" encoding="UTF-8"?>
<!-- Generated by org.testng.reporters.JUnitReportReporter -->
<testsuite hostname="DESKTOP-73VR9RS" failures="0" tests="3" name="TestNGproject.dataprovider.DataProviderExample" time="422.638" errors="0" timestamp="2024-04-06T15:09:20 IST" skipped="0">
  <testcase classname="TestNGproject.dataprovider.DataProviderExample" name="dataProviderTest" time="141.463"/>
  <testcase classname="TestNGproject.dataprovider.DataProviderExample" name="dataProviderTest" time="142.976"/>
  <testcase classname="TestNGproject.dataprovider.DataProviderExample" name="dataProviderTest" time="138.199"/>
</testsuite> <!-- TestNGproject.dataprovider.DataProviderExample -->
