<?xml version="1.0" encoding="UTF-8"?>
<!-- Generated by org.testng.reporters.JUnitReportReporter -->
<testsuite hostname="DESKTOP-73VR9RS" failures="0" tests="5" name="TestNGproject.dataprovider.DataProviderWithExcelExample" time="81.150" errors="0" timestamp="2024-04-03T19:16:33 IST" skipped="0">
  <testcase classname="TestNGproject.dataprovider.DataProviderWithExcelExample" name="test1" time="14.992"/>
  <testcase classname="TestNGproject.dataprovider.DataProviderWithExcelExample" name="test1" time="17.404"/>
  <testcase classname="TestNGproject.dataprovider.DataProviderWithExcelExample" name="test1" time="19.359"/>
  <testcase classname="TestNGproject.dataprovider.DataProviderWithExcelExample" name="test1" time="13.903"/>
  <testcase classname="TestNGproject.dataprovider.DataProviderWithExcelExample" name="test1" time="15.492"/>
</testsuite> <!-- TestNGproject.dataprovider.DataProviderWithExcelExample -->
